WARNING: the lib "src" does not have version 2.20.0. Resorting to latest, but the build might fail.
It usually happens if you clone the latest version of some example app, and try to build it with the mos tool which is older than the lib (in this case, "src").
Consider using the version 2.20.0 of the app (git checkout 2.20.0), or using latest mos tool (mos update latest).
Error: /src/cli/build/swmodule.go:236: "src" does not exist within "/data/fwbuild-volumes/2.20.0/apps/220209_esp32_firmware_mos/esp32/build_contexts/build_ctx_612537950/deps/arduino-esp32"
/src/cli/build.go:610: src: preparing local copy
/src/cli/manifest_parser/manifest_parser.go:924: 
/src/cli/manifest_parser/manifest_parser.go:819: 
/src/cli/manifest_parser/manifest_parser.go:597: 
/src/cli/manifest_parser/manifest_parser.go:142: 
/src/cli/build_local.go:142: error parsing manifest
/src/cli/build.go:278: 
/src/cli/build.go:143: 
/src/cli/main.go:194: build failed
Reading lib "arduino-compat" at "https://github.com/mongoose-os-libs/arduino-compat"...
Reading lib "ca-bundle" at "https://github.com/mongoose-os-libs/ca-bundle"...
Reading lib "core" at "https://github.com/mongoose-os-libs/core"...
Reading lib "zz_boards" at "https://github.com/mongoose-os-libs/boards"...
Reading lib "rpc-service-fs" at "https://github.com/mongoose-os-libs/rpc-service-fs"...
Reading lib "rpc-service-config" at "https://github.com/mongoose-os-libs/rpc-service-config"...
Reading lib "provision" at "https://github.com/mongoose-os-libs/provision"...
Reading lib "freertos" at "https://github.com/mongoose-os-libs/freertos"...
Reading lib "arduino-wire" at "https://github.com/mongoose-os-libs/arduino-wire"...
arduino-compat: Does not exist, cloning from "https://github.com/mongoose-os-libs/arduino-compat"...
zz_boards: Does not exist, cloning from "https://github.com/mongoose-os-libs/boards"...
ca-bundle: Does not exist, cloning from "https://github.com/mongoose-os-libs/ca-bundle"...
Reading lib "src" at "https://github.com/espressif/arduino-esp32/libraries/WiFi/src"...
provision: Does not exist, cloning from "https://github.com/mongoose-os-libs/provision"...
Reading lib "rpc-uart" at "https://github.com/mongoose-os-libs/rpc-uart"...
Reading lib "mjs" at "https://github.com/mongoose-os-libs/mjs"...
rpc-service-fs: Does not exist, cloning from "https://github.com/mongoose-os-libs/rpc-service-fs"...
src: Does not exist, cloning from "https://github.com/espressif/arduino-esp32"...
rpc-uart: Does not exist, cloning from "https://github.com/mongoose-os-libs/rpc-uart"...
mjs: Does not exist, cloning from "https://github.com/mongoose-os-libs/mjs"...
freertos: Does not exist, cloning from "https://github.com/mongoose-os-libs/freertos"...
core: Does not exist, cloning from "https://github.com/mongoose-os-libs/core"...
arduino-wire: Does not exist, cloning from "https://github.com/mongoose-os-libs/arduino-wire"...
rpc-service-config: Does not exist, cloning from "https://github.com/mongoose-os-libs/rpc-service-config"...
zz_boards: Checking out 2.20.0...
zz_boards: Done, hash a317361ee008969b8a96a2e7fa7eb243442dcb93
zz_boards: Hash is updated:  -> a317361ee008969b8a96a2e7fa7eb243442dcb93
zz_boards: Prepared local dir: "/data/fwbuild-volumes/2.20.0/apps/220209_esp32_firmware_mos/esp32/build_contexts/build_ctx_612537950/deps/boards"
Handling lib "zz_boards" at "https://github.com/mongoose-os-libs/boards"...
ca-bundle: Checking out 2.20.0...
ca-bundle: Done, hash 82ddde1a7e95d316f0ef6a43ecfc265b0fbdaf4c
ca-bundle: Hash is updated:  -> 82ddde1a7e95d316f0ef6a43ecfc265b0fbdaf4c
ca-bundle: Prepared local dir: "/data/fwbuild-volumes/2.20.0/apps/220209_esp32_firmware_mos/esp32/build_contexts/build_ctx_612537950/deps/ca-bundle"
Handling lib "ca-bundle" at "https://github.com/mongoose-os-libs/ca-bundle"...
provision: Checking out 2.20.0...
arduino-compat: Checking out 2.20.0...
rpc-service-fs: Checking out 2.20.0...
freertos: Checking out 2.20.0...
rpc-service-fs: Done, hash 39437663b14759671a37e9670a46c65e5519c369
rpc-service-fs: Hash is updated:  -> 39437663b14759671a37e9670a46c65e5519c369
rpc-service-fs: Prepared local dir: "/data/fwbuild-volumes/2.20.0/apps/220209_esp32_firmware_mos/esp32/build_contexts/build_ctx_612537950/deps/rpc-service-fs"
Handling lib "rpc-service-fs" at "https://github.com/mongoose-os-libs/rpc-service-fs"...
arduino-compat: Done, hash 70b7ab229efd8518568bf9ad1ab0f319104e647a
arduino-compat: Hash is updated:  -> 70b7ab229efd8518568bf9ad1ab0f319104e647a
arduino-compat: Prepared local dir: "/data/fwbuild-volumes/2.20.0/apps/220209_esp32_firmware_mos/esp32/build_contexts/build_ctx_612537950/deps/arduino-compat"
provision: Done, hash 50152525d5db291cdf70e674b2db1726e7a2777b
provision: Hash is updated:  -> 50152525d5db291cdf70e674b2db1726e7a2777b
provision: Prepared local dir: "/data/fwbuild-volumes/2.20.0/apps/220209_esp32_firmware_mos/esp32/build_contexts/build_ctx_612537950/deps/provision"
Handling lib "arduino-compat" at "https://github.com/mongoose-os-libs/arduino-compat"...
Handling lib "provision" at "https://github.com/mongoose-os-libs/provision"...
freertos: Done, hash f4b5ba5336f2f0fe3b183527790cf82e0644364e
freertos: Hash is updated:  -> f4b5ba5336f2f0fe3b183527790cf82e0644364e
freertos: Prepared local dir: "/data/fwbuild-volumes/2.20.0/apps/220209_esp32_firmware_mos/esp32/build_contexts/build_ctx_612537950/deps/freertos"
Handling lib "freertos" at "https://github.com/mongoose-os-libs/freertos"...
core: Checking out 2.20.0...
mjs: Checking out 2.20.0...
mjs: Done, hash dc7442685da3d1b1b06fbf4102905a2fece286ee
mjs: Hash is updated:  -> dc7442685da3d1b1b06fbf4102905a2fece286ee
core: Done, hash 9cbb8437919696a4a8779ebb4d0cd78d99890ac6
mjs: Prepared local dir: "/data/fwbuild-volumes/2.20.0/apps/220209_esp32_firmware_mos/esp32/build_contexts/build_ctx_612537950/deps/mjs"
core: Hash is updated:  -> 9cbb8437919696a4a8779ebb4d0cd78d99890ac6
core: Prepared local dir: "/data/fwbuild-volumes/2.20.0/apps/220209_esp32_firmware_mos/esp32/build_contexts/build_ctx_612537950/deps/core"
Handling lib "mjs" at "https://github.com/mongoose-os-libs/mjs"...
Handling lib "core" at "https://github.com/mongoose-os-libs/core"...
arduino-wire: Checking out 2.20.0...
rpc-service-config: Checking out 2.20.0...
rpc-service-config: Done, hash 821db3ffb8104de17bd511c67e423a4db6f59d44
rpc-service-config: Hash is updated:  -> 821db3ffb8104de17bd511c67e423a4db6f59d44
rpc-service-config: Prepared local dir: "/data/fwbuild-volumes/2.20.0/apps/220209_esp32_firmware_mos/esp32/build_contexts/build_ctx_612537950/deps/rpc-service-config"
arduino-wire: Done, hash d3fd6b8f541e7314c623930ca33555b5e2535d38
arduino-wire: Hash is updated:  -> d3fd6b8f541e7314c623930ca33555b5e2535d38
arduino-wire: Prepared local dir: "/data/fwbuild-volumes/2.20.0/apps/220209_esp32_firmware_mos/esp32/build_contexts/build_ctx_612537950/deps/arduino-wire"
Handling lib "rpc-service-config" at "https://github.com/mongoose-os-libs/rpc-service-config"...
Handling lib "arduino-wire" at "https://github.com/mongoose-os-libs/arduino-wire"...
rpc-uart: Checking out 2.20.0...
rpc-uart: Done, hash d58fee363e9e7176d9079b37c8ecfde1d5a2a3dd
rpc-uart: Hash is updated:  -> d58fee363e9e7176d9079b37c8ecfde1d5a2a3dd
rpc-uart: Prepared local dir: "/data/fwbuild-volumes/2.20.0/apps/220209_esp32_firmware_mos/esp32/build_contexts/build_ctx_612537950/deps/rpc-uart"
Handling lib "rpc-uart" at "https://github.com/mongoose-os-libs/rpc-uart"...
WARNING: the lib "src" does not have version 2.20.0. Resorting to latest, but the build might fail.
It usually happens if you clone the latest version of some example app, and try to build it with the mos tool which is older than the lib (in this case, "src").
Consider using the version 2.20.0 of the app (git checkout 2.20.0), or using latest mos tool (mos update latest).
src: Checking out master...
src: Done, hash c4954dd582f5bde478316ddf184ded6979e812b3
